{
  "stats": {
    "suites": 9,
    "tests": 9,
    "passes": 0,
    "pending": 0,
    "failures": 9,
    "start": "2022-11-25T06:27:27.603Z",
    "end": "2022-11-25T06:27:48.245Z",
    "duration": 20642,
    "testsRegistered": 9,
    "passPercent": 0,
    "pendingPercent": 0,
    "other": 0,
    "hasOther": false,
    "skipped": 0,
    "hasSkipped": false
  },
  "results": [
    {
      "uuid": "ccc82a8c-0dac-4d9c-b8a8-d85533c41313",
      "title": "",
      "fullFile": "",
      "file": "",
      "beforeHooks": [],
      "afterHooks": [
        {
          "title": "\"after all\" hook in \"{root}\"",
          "fullTitle": "\"after all\" hook in \"{root}\"",
          "timedOut": false,
          "duration": 2,
          "state": null,
          "speed": null,
          "pass": false,
          "fail": false,
          "pending": false,
          "context": null,
          "code": "done();",
          "err": {},
          "uuid": "e01b51f0-5e21-4ab3-9dff-3e35e0bde689",
          "parentUUID": "ccc82a8c-0dac-4d9c-b8a8-d85533c41313",
          "isHook": true,
          "skipped": false
        }
      ],
      "tests": [],
      "suites": [
        {
          "uuid": "5753f646-3a25-4153-8adc-0d97d2b45d11",
          "title": "POST /api/mekanlar",
          "fullFile": "C:\\Users\\user\\Desktop\\mekanbul\\test.js",
          "file": "\\test.js",
          "beforeHooks": [],
          "afterHooks": [],
          "tests": [
            {
              "title": "Yeni mekan ekle:",
              "fullTitle": "POST /api/mekanlar Yeni mekan ekle:",
              "timedOut": false,
              "duration": 2322,
              "state": "failed",
              "speed": null,
              "pass": false,
              "fail": true,
              "pending": false,
              "context": null,
              "code": "const response = await request.post(\"/api/mekanlar\").send({\n  ad: \"Starbucks\",\n  adres: \"Centrum Garden\",\n  puan: 5,\n  imkanlar: \"çay,kahve,pasta\",\n  enlem: 37.83226584629666,\n  boylam: 30.524732239878013,\n  gunler1: \"Pazartesi-Cuma\",\n  acilis1: \"9:00\",\n  kapanis1: \"23:00\",\n  kapali1: false,\n  gunler2: \"Cumartesi-Pazar\",\n  acilis2: \"11:00\",\n  kapanis2: \"17:00\",\n  kapali2: false,\n});\nexpect(response.status).to.eql(201);\nprocess.env.mekanid = response.body._id;",
              "err": {
                "message": "Error: getaddrinfo ENOTFOUND mongodb",
                "estack": "Error: getaddrinfo ENOTFOUND mongodb\n    at GetAddrInfoReqWrap.onlookup [as oncomplete] (node:dns:109:26)",
                "diff": null
              },
              "uuid": "dcdb3637-a46e-480f-94dd-f0e66600bcaf",
              "parentUUID": "5753f646-3a25-4153-8adc-0d97d2b45d11",
              "isHook": false,
              "skipped": false
            }
          ],
          "suites": [],
          "passes": [],
          "failures": [
            "dcdb3637-a46e-480f-94dd-f0e66600bcaf"
          ],
          "pending": [],
          "skipped": [],
          "duration": 2322,
          "root": false,
          "rootEmpty": false,
          "_timeout": 10000
        },
        {
          "uuid": "ce4e081b-c7c2-44f1-a584-6508f420c68b",
          "title": "GET /api/mekanlar",
          "fullFile": "C:\\Users\\user\\Desktop\\mekanbul\\test.js",
          "file": "\\test.js",
          "beforeHooks": [],
          "afterHooks": [],
          "tests": [
            {
              "title": "Girilen konum civarındaki tüm mekanları listele:",
              "fullTitle": "GET /api/mekanlar Girilen konum civarındaki tüm mekanları listele:",
              "timedOut": false,
              "duration": 2292,
              "state": "failed",
              "speed": null,
              "pass": false,
              "fail": true,
              "pending": false,
              "context": null,
              "code": "const response = await request.get(\"/api/mekanlar?enlem=37&boylam=35\");\nexpect(response.status).to.eql(200);",
              "err": {
                "message": "Error: getaddrinfo ENOTFOUND mongodb",
                "estack": "Error: getaddrinfo ENOTFOUND mongodb\n    at GetAddrInfoReqWrap.onlookup [as oncomplete] (node:dns:109:26)",
                "diff": null
              },
              "uuid": "8da5e52a-fd2a-42bd-bda0-5085c4e17e55",
              "parentUUID": "ce4e081b-c7c2-44f1-a584-6508f420c68b",
              "isHook": false,
              "skipped": false
            }
          ],
          "suites": [],
          "passes": [],
          "failures": [
            "8da5e52a-fd2a-42bd-bda0-5085c4e17e55"
          ],
          "pending": [],
          "skipped": [],
          "duration": 2292,
          "root": false,
          "rootEmpty": false,
          "_timeout": 10000
        },
        {
          "uuid": "c3ebd612-7161-4ea2-b8ae-f59cabd07b1b",
          "title": "GET /api/mekanlar/:mekanid",
          "fullFile": "C:\\Users\\user\\Desktop\\mekanbul\\test.js",
          "file": "\\test.js",
          "beforeHooks": [],
          "afterHooks": [],
          "tests": [
            {
              "title": "Mekan getir:",
              "fullTitle": "GET /api/mekanlar/:mekanid Mekan getir:",
              "timedOut": false,
              "duration": 2294,
              "state": "failed",
              "speed": null,
              "pass": false,
              "fail": true,
              "pending": false,
              "context": null,
              "code": "const response = await request.get(`/api/mekanlar/${process.env.mekanid}`);\nexpect(response.status).to.eql(200);",
              "err": {
                "message": "Error: getaddrinfo ENOTFOUND mongodb",
                "estack": "Error: getaddrinfo ENOTFOUND mongodb\n    at GetAddrInfoReqWrap.onlookup [as oncomplete] (node:dns:109:26)",
                "diff": null
              },
              "uuid": "381dc535-9e01-46c0-8c88-87b7bf89ca63",
              "parentUUID": "c3ebd612-7161-4ea2-b8ae-f59cabd07b1b",
              "isHook": false,
              "skipped": false
            }
          ],
          "suites": [],
          "passes": [],
          "failures": [
            "381dc535-9e01-46c0-8c88-87b7bf89ca63"
          ],
          "pending": [],
          "skipped": [],
          "duration": 2294,
          "root": false,
          "rootEmpty": false,
          "_timeout": 10000
        },
        {
          "uuid": "6e8d1e84-0a4d-4886-b963-f48e4fd376e8",
          "title": "PUT /api/mekanlar/:mekanid",
          "fullFile": "C:\\Users\\user\\Desktop\\mekanbul\\test.js",
          "file": "\\test.js",
          "beforeHooks": [],
          "afterHooks": [],
          "tests": [
            {
              "title": "Mekan Güncelle:",
              "fullTitle": "PUT /api/mekanlar/:mekanid Mekan Güncelle:",
              "timedOut": false,
              "duration": 2282,
              "state": "failed",
              "speed": null,
              "pass": false,
              "fail": true,
              "pending": false,
              "context": null,
              "code": "const response = await request\n  .put(`/api/mekanlar/${process.env.mekanid}`)\n  .send({\n    ad: \"Starbucks SDÜ\",\n    adres: \"SDÜ Doğu Kampüsü\",\n    puan: 3,\n    imkanlar: \"çay,kahve,pasta,refresher\",\n    enlem: 37.8,\n    boylam: 30.5,\n    gunler1: \"Pazartesi-Cuma\",\n    acilis1: \"9:10\",\n    kapanis1: \"23:10\",\n    kapali1: true,\n    gunler2: \"Cumartesi-Pazar\",\n    acilis2: \"11:10\",\n    kapanis2: \"17:10\",\n    kapali2: true,\n  });\nexpect(response.status).to.eql(200);",
              "err": {
                "message": "Error: getaddrinfo ENOTFOUND mongodb",
                "estack": "Error: getaddrinfo ENOTFOUND mongodb\n    at GetAddrInfoReqWrap.onlookup [as oncomplete] (node:dns:109:26)",
                "diff": null
              },
              "uuid": "2c5f7d11-844e-41b4-9548-aa1c704cfb08",
              "parentUUID": "6e8d1e84-0a4d-4886-b963-f48e4fd376e8",
              "isHook": false,
              "skipped": false
            }
          ],
          "suites": [],
          "passes": [],
          "failures": [
            "2c5f7d11-844e-41b4-9548-aa1c704cfb08"
          ],
          "pending": [],
          "skipped": [],
          "duration": 2282,
          "root": false,
          "rootEmpty": false,
          "_timeout": 10000
        },
        {
          "uuid": "e4c09a68-7d1b-4a48-ab31-01e8d58ee8c9",
          "title": "POST /api/mekanlar/:mekanid/yorumlar",
          "fullFile": "C:\\Users\\user\\Desktop\\mekanbul\\test.js",
          "file": "\\test.js",
          "beforeHooks": [],
          "afterHooks": [],
          "tests": [
            {
              "title": "Yorum ekle:",
              "fullTitle": "POST /api/mekanlar/:mekanid/yorumlar Yorum ekle:",
              "timedOut": false,
              "duration": 2285,
              "state": "failed",
              "speed": null,
              "pass": false,
              "fail": true,
              "pending": false,
              "context": null,
              "code": "const response = await request\n  .post(`/api/mekanlar/${process.env.mekanid}/yorumlar`)\n  .send({\n    yorumYapan: \"ASY\",\n    puan: 5,\n    yorumMetni: \"Kahveler harika\",\n  });\nprocess.env.yorumid = response.body._id;\nexpect(response.status).to.eql(201);",
              "err": {
                "message": "Error: getaddrinfo ENOTFOUND mongodb",
                "estack": "Error: getaddrinfo ENOTFOUND mongodb\n    at GetAddrInfoReqWrap.onlookup [as oncomplete] (node:dns:109:26)",
                "diff": null
              },
              "uuid": "2686985e-af70-45a7-a743-97a4dc3d9eca",
              "parentUUID": "e4c09a68-7d1b-4a48-ab31-01e8d58ee8c9",
              "isHook": false,
              "skipped": false
            }
          ],
          "suites": [],
          "passes": [],
          "failures": [
            "2686985e-af70-45a7-a743-97a4dc3d9eca"
          ],
          "pending": [],
          "skipped": [],
          "duration": 2285,
          "root": false,
          "rootEmpty": false,
          "_timeout": 10000
        },
        {
          "uuid": "5c194a15-97f0-421d-ab10-624cecfa0b42",
          "title": "GET /api/mekanlar/:mekanid/yorumlar/:yorumid",
          "fullFile": "C:\\Users\\user\\Desktop\\mekanbul\\test.js",
          "file": "\\test.js",
          "beforeHooks": [],
          "afterHooks": [],
          "tests": [
            {
              "title": "Yorum getir:",
              "fullTitle": "GET /api/mekanlar/:mekanid/yorumlar/:yorumid Yorum getir:",
              "timedOut": false,
              "duration": 2271,
              "state": "failed",
              "speed": null,
              "pass": false,
              "fail": true,
              "pending": false,
              "context": null,
              "code": "const response = await request.get(\n  `/api/mekanlar/${process.env.mekanid}/yorumlar/${process.env.yorumid}`\n);\nexpect(response.status).to.eql(200);",
              "err": {
                "message": "Error: getaddrinfo ENOTFOUND mongodb",
                "estack": "Error: getaddrinfo ENOTFOUND mongodb\n    at GetAddrInfoReqWrap.onlookup [as oncomplete] (node:dns:109:26)",
                "diff": null
              },
              "uuid": "08651db0-c202-4598-9edc-31f3a340c6f7",
              "parentUUID": "5c194a15-97f0-421d-ab10-624cecfa0b42",
              "isHook": false,
              "skipped": false
            }
          ],
          "suites": [],
          "passes": [],
          "failures": [
            "08651db0-c202-4598-9edc-31f3a340c6f7"
          ],
          "pending": [],
          "skipped": [],
          "duration": 2271,
          "root": false,
          "rootEmpty": false,
          "_timeout": 10000
        },
        {
          "uuid": "1647cbde-f84b-4b8e-80d8-219eddd3bf98",
          "title": "PUT /api/mekanlar/:mekanid/yorumlar/:yorumid",
          "fullFile": "C:\\Users\\user\\Desktop\\mekanbul\\test.js",
          "file": "\\test.js",
          "beforeHooks": [],
          "afterHooks": [],
          "tests": [
            {
              "title": "Yorum güncelle:",
              "fullTitle": "PUT /api/mekanlar/:mekanid/yorumlar/:yorumid Yorum güncelle:",
              "timedOut": false,
              "duration": 2275,
              "state": "failed",
              "speed": null,
              "pass": false,
              "fail": true,
              "pending": false,
              "context": null,
              "code": "const response = await request\n  .put(\n    `/api/mekanlar/${process.env.mekanid}/yorumlar/${process.env.yorumid}`\n  )\n  .send({\n    yorumYapan: \"Sinan\",\n    puan: 4,\n    yorumMetni: \"Kahveler harikaaaa\",\n  });\nexpect(response.status).to.eql(200);",
              "err": {
                "message": "Error: getaddrinfo ENOTFOUND mongodb",
                "estack": "Error: getaddrinfo ENOTFOUND mongodb\n    at GetAddrInfoReqWrap.onlookup [as oncomplete] (node:dns:109:26)",
                "diff": null
              },
              "uuid": "d190529c-eb23-4cdc-ac1c-a5c6f431a5cf",
              "parentUUID": "1647cbde-f84b-4b8e-80d8-219eddd3bf98",
              "isHook": false,
              "skipped": false
            }
          ],
          "suites": [],
          "passes": [],
          "failures": [
            "d190529c-eb23-4cdc-ac1c-a5c6f431a5cf"
          ],
          "pending": [],
          "skipped": [],
          "duration": 2275,
          "root": false,
          "rootEmpty": false,
          "_timeout": 10000
        },
        {
          "uuid": "1870e81a-08b5-4924-9e7c-18bc8f35419a",
          "title": "DELETE /api/mekanlar/:mekanid/yorumlar/:yorumid",
          "fullFile": "C:\\Users\\user\\Desktop\\mekanbul\\test.js",
          "file": "\\test.js",
          "beforeHooks": [],
          "afterHooks": [],
          "tests": [
            {
              "title": "Yorum sil:",
              "fullTitle": "DELETE /api/mekanlar/:mekanid/yorumlar/:yorumid Yorum sil:",
              "timedOut": false,
              "duration": 2271,
              "state": "failed",
              "speed": null,
              "pass": false,
              "fail": true,
              "pending": false,
              "context": null,
              "code": "const response = await request.delete(\n  `/api/mekanlar/${process.env.mekanid}/yorumlar/${process.env.yorumid}`\n);\nexpect(response.status).to.eql(200);",
              "err": {
                "message": "Error: getaddrinfo ENOTFOUND mongodb",
                "estack": "Error: getaddrinfo ENOTFOUND mongodb\n    at GetAddrInfoReqWrap.onlookup [as oncomplete] (node:dns:109:26)",
                "diff": null
              },
              "uuid": "f6fc8729-fc26-439c-8134-12203a8ce758",
              "parentUUID": "1870e81a-08b5-4924-9e7c-18bc8f35419a",
              "isHook": false,
              "skipped": false
            }
          ],
          "suites": [],
          "passes": [],
          "failures": [
            "f6fc8729-fc26-439c-8134-12203a8ce758"
          ],
          "pending": [],
          "skipped": [],
          "duration": 2271,
          "root": false,
          "rootEmpty": false,
          "_timeout": 10000
        },
        {
          "uuid": "e22b3548-bcce-493d-8ced-939595f3cba5",
          "title": "DELETE /api/mekanlar/:mekanid",
          "fullFile": "C:\\Users\\user\\Desktop\\mekanbul\\test.js",
          "file": "\\test.js",
          "beforeHooks": [],
          "afterHooks": [],
          "tests": [
            {
              "title": "Mekan sil:",
              "fullTitle": "DELETE /api/mekanlar/:mekanid Mekan sil:",
              "timedOut": false,
              "duration": 2288,
              "state": "failed",
              "speed": null,
              "pass": false,
              "fail": true,
              "pending": false,
              "context": null,
              "code": "const response = await request.delete(\n  `/api/mekanlar/${process.env.mekanid}`\n);\nexpect(response.status).to.eql(200);",
              "err": {
                "message": "Error: getaddrinfo ENOTFOUND mongodb",
                "estack": "Error: getaddrinfo ENOTFOUND mongodb\n    at GetAddrInfoReqWrap.onlookup [as oncomplete] (node:dns:109:26)",
                "diff": null
              },
              "uuid": "de9c4f53-9204-48ea-9704-d291db5fa532",
              "parentUUID": "e22b3548-bcce-493d-8ced-939595f3cba5",
              "isHook": false,
              "skipped": false
            }
          ],
          "suites": [],
          "passes": [],
          "failures": [
            "de9c4f53-9204-48ea-9704-d291db5fa532"
          ],
          "pending": [],
          "skipped": [],
          "duration": 2288,
          "root": false,
          "rootEmpty": false,
          "_timeout": 10000
        }
      ],
      "passes": [],
      "failures": [],
      "pending": [],
      "skipped": [],
      "duration": 0,
      "root": true,
      "rootEmpty": true,
      "_timeout": 10000
    }
  ],
  "meta": {
    "mocha": {
      "version": "10.1.0"
    },
    "mochawesome": {
      "options": {
        "quiet": false,
        "reportFilename": "mochawesome",
        "saveHtml": true,
        "saveJson": true,
        "consoleReporter": "spec",
        "useInlineDiffs": false,
        "code": true
      },
      "version": "7.1.3"
    },
    "marge": {
      "options": null,
      "version": "6.2.0"
    }
  }
}